{
  "RSpec": {
    "coverage": {
      "/Users/kevinn/turing/mod_4/tea_me_api/config/environment.rb": {
        "lines": [
          null,
          1,
          null,
          null,
          1
        ]
      },
      "/Users/kevinn/turing/mod_4/tea_me_api/config/application.rb": {
        "lines": [
          1,
          null,
          1,
          null,
          1,
          1,
          1,
          1,
          1,
          1,
          1,
          1,
          null,
          null,
          null,
          null,
          null,
          1,
          null,
          1,
          1,
          null,
          1,
          null,
          null,
          null,
          null,
          null,
          null,
          null,
          null,
          null,
          1,
          null,
          null
        ]
      },
      "/Users/kevinn/turing/mod_4/tea_me_api/config/boot.rb": {
        "lines": [
          1,
          null,
          1,
          1
        ]
      },
      "/Users/kevinn/turing/mod_4/tea_me_api/config/environments/test.rb": {
        "lines": [
          1,
          null,
          null,
          null,
          null,
          null,
          null,
          1,
          null,
          null,
          null,
          null,
          1,
          null,
          null,
          1,
          1,
          null,
          null,
          null,
          null,
          1,
          1,
          null,
          null,
          1,
          null,
          null,
          1,
          null,
          null,
          1,
          null,
          1,
          null,
          null,
          null,
          null,
          1,
          null,
          null,
          1,
          null,
          null,
          null,
          null
        ]
      },
      "/Users/kevinn/turing/mod_4/tea_me_api/config/initializers/application_controller_renderer.rb": {
        "lines": [
          null,
          null,
          null,
          null,
          null,
          null,
          null,
          null
        ]
      },
      "/Users/kevinn/turing/mod_4/tea_me_api/config/initializers/backtrace_silencers.rb": {
        "lines": [
          null,
          null,
          null,
          null,
          null,
          null,
          null
        ]
      },
      "/Users/kevinn/turing/mod_4/tea_me_api/config/initializers/cors.rb": {
        "lines": [
          null,
          null,
          null,
          null,
          null,
          null,
          null,
          null,
          null,
          null,
          null,
          null,
          null,
          null,
          null,
          null
        ]
      },
      "/Users/kevinn/turing/mod_4/tea_me_api/config/initializers/filter_parameter_logging.rb": {
        "lines": [
          null,
          null,
          null,
          1
        ]
      },
      "/Users/kevinn/turing/mod_4/tea_me_api/config/initializers/inflections.rb": {
        "lines": [
          null,
          null,
          null,
          null,
          null,
          null,
          null,
          null,
          null,
          null,
          null,
          null,
          null,
          null,
          null,
          null
        ]
      },
      "/Users/kevinn/turing/mod_4/tea_me_api/config/initializers/mime_types.rb": {
        "lines": [
          null,
          null,
          null,
          null
        ]
      },
      "/Users/kevinn/turing/mod_4/tea_me_api/config/initializers/wrap_parameters.rb": {
        "lines": [
          null,
          null,
          null,
          null,
          null,
          null,
          1,
          2,
          null,
          null,
          null,
          null,
          null,
          null
        ]
      },
      "/Users/kevinn/turing/mod_4/tea_me_api/spec/factories/customers.rb": {
        "lines": [
          1,
          1,
          6,
          6,
          6,
          6,
          null,
          null
        ]
      },
      "/Users/kevinn/turing/mod_4/tea_me_api/spec/factories/subscriptions.rb": {
        "lines": [
          1,
          1,
          10,
          10,
          9,
          10,
          1,
          1,
          null,
          null
        ]
      },
      "/Users/kevinn/turing/mod_4/tea_me_api/spec/factories/teas.rb": {
        "lines": [
          1,
          1,
          null,
          6,
          6,
          6,
          6,
          null,
          null
        ]
      },
      "/Users/kevinn/turing/mod_4/tea_me_api/config/routes.rb": {
        "lines": [
          1,
          1,
          1,
          1,
          1,
          null,
          null,
          null,
          null,
          1,
          null,
          null,
          null
        ]
      },
      "/Users/kevinn/turing/mod_4/tea_me_api/app/models/customer.rb": {
        "lines": [
          1,
          1,
          1,
          null,
          1,
          1,
          1,
          1,
          null
        ]
      },
      "/Users/kevinn/turing/mod_4/tea_me_api/app/models/application_record.rb": {
        "lines": [
          1,
          1,
          null
        ]
      },
      "/Users/kevinn/turing/mod_4/tea_me_api/spec/models/subscription_spec.rb": {
        "lines": [
          1,
          null,
          1,
          1,
          2,
          2,
          null,
          null,
          1,
          2,
          2,
          2,
          2,
          2,
          2,
          2,
          2,
          2,
          2,
          null,
          null
        ]
      },
      "/Users/kevinn/turing/mod_4/tea_me_api/app/models/subscription.rb": {
        "lines": [
          1,
          1,
          1,
          null,
          1,
          1,
          1,
          1,
          null
        ]
      },
      "/Users/kevinn/turing/mod_4/tea_me_api/spec/models/tea_spec.rb": {
        "lines": [
          1,
          null,
          1,
          1,
          2,
          2,
          null,
          null,
          1,
          null,
          2,
          2,
          2,
          2,
          2,
          2,
          null,
          null
        ]
      },
      "/Users/kevinn/turing/mod_4/tea_me_api/app/models/tea.rb": {
        "lines": [
          1,
          1,
          1,
          null,
          null,
          1,
          1,
          1,
          1,
          null
        ]
      },
      "/Users/kevinn/turing/mod_4/tea_me_api/spec/requests/api/v1/cancel_request_spec.rb": {
        "lines": [
          1,
          null,
          1,
          1,
          1,
          1,
          1,
          null,
          null,
          1,
          null,
          null,
          1,
          null,
          1,
          null,
          1,
          null,
          1,
          null,
          null,
          1,
          1,
          1,
          1,
          null,
          null
        ]
      },
      "/Users/kevinn/turing/mod_4/tea_me_api/spec/requests/api/v1/get_subscriptions_request_spec.rb": {
        "lines": [
          1,
          null,
          1,
          1,
          1,
          1,
          1,
          1,
          1,
          null,
          1,
          null,
          1,
          null,
          1,
          1,
          null,
          1,
          4,
          4,
          null,
          4,
          4,
          null,
          4,
          4,
          null,
          null,
          null,
          null,
          1,
          1,
          1,
          1,
          1,
          1,
          null,
          1,
          1,
          null,
          1,
          null,
          1,
          1,
          1,
          1,
          1,
          null,
          1,
          1,
          1,
          null,
          null,
          null
        ]
      },
      "/Users/kevinn/turing/mod_4/tea_me_api/spec/requests/api/v1/subscribe_request_spec.rb": {
        "lines": [
          1,
          null,
          1,
          1,
          1,
          1,
          null,
          1,
          null,
          null,
          null,
          null,
          null,
          null,
          1,
          null,
          1,
          null,
          1,
          null,
          1,
          1,
          null,
          1,
          1,
          1,
          1,
          null,
          null,
          1,
          1,
          1,
          1,
          1,
          null,
          null,
          1,
          null,
          null,
          null,
          null,
          null,
          null,
          1,
          null,
          1,
          null,
          1,
          1,
          null,
          1,
          1,
          1,
          1,
          1,
          null,
          1,
          1,
          1,
          null,
          null,
          null
        ]
      },
      "/Users/kevinn/turing/mod_4/tea_me_api/app/controllers/api/v1/subscriptions_controller.rb": {
        "lines": [
          1,
          1,
          null,
          1,
          1,
          1,
          1,
          null,
          null,
          1,
          2,
          2,
          1,
          null,
          1,
          null,
          null,
          null,
          1,
          1,
          1,
          null,
          0,
          null,
          null,
          null,
          1,
          0,
          null,
          null,
          1,
          null,
          1,
          1,
          1,
          null,
          0,
          null,
          null,
          null,
          1,
          1,
          null,
          null,
          1,
          3,
          null,
          null
        ]
      },
      "/Users/kevinn/turing/mod_4/tea_me_api/app/controllers/application_controller.rb": {
        "lines": [
          1,
          null
        ]
      },
      "/Users/kevinn/turing/mod_4/tea_me_api/app/serializers/subscription_serializer.rb": {
        "lines": [
          1,
          1,
          1,
          null,
          1,
          1,
          null
        ]
      },
      "/Users/kevinn/turing/mod_4/tea_me_api/app/serializers/tea_serializer.rb": {
        "lines": [
          1,
          1,
          1,
          null
        ]
      },
      "/Users/kevinn/turing/mod_4/tea_me_api/app/serializers/customer_serializer.rb": {
        "lines": [
          1,
          1,
          1,
          null,
          null,
          null,
          null
        ]
      },
      "/Users/kevinn/turing/mod_4/tea_me_api/app/controllers/api/v1/customers_controller.rb": {
        "lines": [
          1,
          null,
          1,
          0,
          0,
          null,
          null,
          1,
          1,
          1,
          null,
          0,
          0,
          null,
          null,
          null,
          null
        ]
      }
    },
    "timestamp": 1641569210
  }
}
